[38;5;0m[HTTP][0m [37m-->[39m [37mPOST[39m [37m/wd/hub/session[39m
[38;5;0m[HTTP][0m [90m{"capabilities":{"alwaysMatch":{"platformName":"Android","appium:platformVersion":"13.0","appium:deviceName":"Pixel_6a","appium:automationName":"UIAutomator2","appium:app":"c:\\Work\\JavaScript-Appium-WebDriverIO\\webdriverio-appium-v8\\app\\android\\ApiDemos-debug.apk"},"firstMatch":[{}]},"desiredCapabilities":{"platformName":"Android","appium:platformVersion":"13.0","appium:deviceName":"Pixel_6a","appium:automationName":"UIAutomator2","appium:app":"c:\\Work\\JavaScript-Appium-WebDriverIO\\webdriverio-appium-v8\\app\\android\\ApiDemos-debug.apk"}}[39m
[38;5;16m[AppiumDriver@2145][0m Calling AppiumDriver.createSession() with args: [{"platformName":"Android","appium:platformVersion":"13.0","appium:deviceName":"Pixel_6a","appium:automationName":"UIAutomator2","appium:app":"c:\\Work\\JavaScript-Appium-WebDriverIO\\webdriverio-appium-v8\\app\\android\\ApiDemos-debug.apk"},null,{"alwaysMatch":{"platformName":"Android","appium:platformVersion":"13.0","appium:deviceName":"Pixel_6a","appium:automationName":"UIAutomator2","appium:app":"c:\\Work\\JavaScript-Appium-WebDriverIO\\webdriverio-appium-v8\\app\\android\\ApiDemos-debug.apk"},"firstMatch":[{}]}]
[38;5;16m[AppiumDriver@2145][0m Event 'newSessionRequested' logged at 1700227108234 (10:18:28 GMT-0300 (Horário Padrão de Brasília))
[35m[Appium][39m Attempting to find matching driver for automationName 'UIAutomator2' and platformName 'Android'
[35m[Appium][39m The 'uiautomator2' driver was installed and matched caps.
[35m[Appium][39m Will require it at C:\Work\JavaScript-Appium-WebDriverIO\webdriverio-appium-v8\node_modules\appium-uiautomator2-driver
[35m[Appium][39m Requiring driver at C:\Work\JavaScript-Appium-WebDriverIO\webdriverio-appium-v8\node_modules\appium-uiautomator2-driver
[38;5;16m[AppiumDriver@2145][0m Appium v2.2.2 creating new AndroidUiautomator2Driver (v1.75.0) session
[38;5;16m[AppiumDriver@2145][0m Checking BaseDriver versions for Appium and AndroidUiautomator2Driver
[38;5;16m[AppiumDriver@2145][0m Appium's BaseDriver version is 9.4.2
[38;5;16m[AppiumDriver@2145][0m Could not determine AndroidUiautomator2Driver's BaseDriver version
[38;5;32m[BaseDriver][0m W3C capabilities and MJSONWP desired capabilities were provided
[38;5;32m[BaseDriver][0m Creating session with W3C capabilities: {
[38;5;32m[BaseDriver][0m   "alwaysMatch": {
[38;5;32m[BaseDriver][0m     "platformName": "Android",
[38;5;32m[BaseDriver][0m     "appium:platformVersion": "13.0",
[38;5;32m[BaseDriver][0m     "appium:deviceName": "Pixel_6a",
[38;5;32m[BaseDriver][0m     "appium:automationName": "UIAutomator2",
[38;5;32m[BaseDriver][0m     "appium:app": "c:\\Work\\JavaScript-Appium-WebDriverIO\\webdriverio-appium-v8\\app\\android\\ApiDemos-debug.apk"
[38;5;32m[BaseDriver][0m   },
[38;5;32m[BaseDriver][0m   "firstMatch": [
[38;5;32m[BaseDriver][0m     {}
[38;5;32m[BaseDriver][0m   ]
[38;5;32m[BaseDriver][0m }
[38;5;32m[BaseDriver][0m Session created with session id: ac96d4e4-1f68-4543-a9c4-232490ce134c
[38;5;32m[BaseDriver][0m Using local app 'c:\Work\JavaScript-Appium-WebDriverIO\webdriverio-appium-v8\app\android\ApiDemos-debug.apk'
[38;5;48m[UiAutomator2][0m Checking whether app is actually present
[38;5;64m[ADB][0m Found 1 'build-tools' folders under 'C:\Users\Lucas\AppData\Local\Android\Sdk' (newest first):
[38;5;64m[ADB][0m     C:/Users/Lucas/AppData/Local/Android/Sdk/build-tools/34.0.0
[38;5;64m[ADB][0m Using 'adb.exe' from 'C:\Users\Lucas\AppData\Local\Android\Sdk\platform-tools\adb.exe'
[38;5;64m[ADB][0m Running 'C:\Users\Lucas\AppData\Local\Android\Sdk\platform-tools\adb.exe -P 5037 start-server'
[38;5;80m[AndroidDriver][0m Retrieving device list
[38;5;64m[ADB][0m Trying to find a connected android device
[38;5;64m[ADB][0m Getting connected devices
[38;5;64m[ADB][0m Connected devices: [{"udid":"emulator-5554","state":"device"}]
[38;5;80m[AndroidDriver][0m Looking for a device with Android '13.0.0'
[38;5;64m[ADB][0m Setting device id to emulator-5554
[38;5;64m[ADB][0m Getting device platform version
[38;5;64m[ADB][0m Running 'C:\Users\Lucas\AppData\Local\Android\Sdk\platform-tools\adb.exe -P 5037 -s emulator-5554 shell getprop ro.build.version.release'
[38;5;64m[ADB][0m Current device property 'ro.build.version.release': 13
[38;5;80m[AndroidDriver][0m Using device: emulator-5554
[38;5;64m[ADB][0m Using 'adb.exe' from 'C:\Users\Lucas\AppData\Local\Android\Sdk\platform-tools\adb.exe'
[38;5;64m[ADB][0m Running 'C:\Users\Lucas\AppData\Local\Android\Sdk\platform-tools\adb.exe -P 5037 start-server'
[38;5;64m[ADB][0m Setting device id to emulator-5554
[38;5;64m[ADB][0m Running 'C:\Users\Lucas\AppData\Local\Android\Sdk\platform-tools\adb.exe -P 5037 -s emulator-5554 shell getprop ro.build.version.sdk'
[38;5;64m[ADB][0m Current device property 'ro.build.version.sdk': 33
[38;5;64m[ADB][0m Getting device platform version
[38;5;64m[ADB][0m Running 'C:\Users\Lucas\AppData\Local\Android\Sdk\platform-tools\adb.exe -P 5037 -s emulator-5554 shell getprop ro.build.version.release'
[38;5;64m[ADB][0m Current device property 'ro.build.version.release': 13
[38;5;64m[ADB][0m Device API level: 33
[38;5;48m[UiAutomator2][0m Relaxing hidden api policy
[38;5;64m[ADB][0m Running 'C:\Users\Lucas\AppData\Local\Android\Sdk\platform-tools\adb.exe -P 5037 -s emulator-5554 shell 'settings put global hidden_api_policy_pre_p_apps 1;settings put global hidden_api_policy_p_apps 1;settings put global hidden_api_policy 1''
[38;5;80m[AndroidDriver][0m Parsing package and activity from app manifest
[38;5;64m[ADB][0m Package name: 'io.appium.android.apis'
[38;5;64m[ADB][0m Main activity name: 'io.appium.android.apis.ApiDemos'
[38;5;80m[AndroidDriver][0m Parsed package and activity are: io.appium.android.apis/io.appium.android.apis.ApiDemos
[38;5;64m[ADB][0m Running 'C:\Users\Lucas\AppData\Local\Android\Sdk\platform-tools\adb.exe -P 5037 -s emulator-5554 wait-for-device'
[38;5;64m[ADB][0m Running 'C:\Users\Lucas\AppData\Local\Android\Sdk\platform-tools\adb.exe -P 5037 -s emulator-5554 shell echo ping'
[38;5;80m[AndroidDriver][0m Pushing settings apk to device...
[38;5;64m[ADB][0m Getting install status for io.appium.settings
[38;5;64m[ADB][0m Running 'C:\Users\Lucas\AppData\Local\Android\Sdk\platform-tools\adb.exe -P 5037 -s emulator-5554 shell dumpsys package io.appium.settings'
[38;5;64m[ADB][0m 'io.appium.settings' is installed
[38;5;64m[ADB][0m Getting package info for 'io.appium.settings'
[38;5;64m[ADB][0m Running 'C:\Users\Lucas\AppData\Local\Android\Sdk\platform-tools\adb.exe -P 5037 -s emulator-5554 shell dumpsys package io.appium.settings'
[38;5;64m[ADB][0m The version name of the installed 'io.appium.settings' is greater or equal to the application version name ('3.6.0' >= '3.6.0')
[38;5;64m[ADB][0m There is no need to install/upgrade 'C:\Work\JavaScript-Appium-WebDriverIO\webdriverio-appium-v8\node_modules\io.appium.settings\apks\settings_apk-debug.apk'
[38;5;64m[ADB][0m Getting IDs of all 'io.appium.settings' processes
[38;5;64m[ADB][0m Running 'C:\Users\Lucas\AppData\Local\Android\Sdk\platform-tools\adb.exe -P 5037 -s emulator-5554 shell 'pgrep --help; echo $?''
[38;5;64m[ADB][0m Running 'C:\Users\Lucas\AppData\Local\Android\Sdk\platform-tools\adb.exe -P 5037 -s emulator-5554 shell pgrep -f \(\[\[:blank:\]\]\|\^\)io\.appium\.settings\(\[\[:blank:\]\]\|\$\)'
[38;5;80m[AndroidDriver][0m io.appium.settings is already running. There is no need to reset its permissions.
[38;5;96m[Logcat][0m Starting logs capture with command: C:\\Users\\Lucas\\AppData\\Local\\Android\\Sdk\\platform-tools\\adb.exe -P 5037 -s emulator-5554 logcat -v threadtime
[38;5;48m[UiAutomator2][0m Forwarding UiAutomator2 Server port 6790 to local port 8200
[38;5;64m[ADB][0m Forwarding system: 8200 to device: 6790
[38;5;64m[ADB][0m Running 'C:\Users\Lucas\AppData\Local\Android\Sdk\platform-tools\adb.exe -P 5037 -s emulator-5554 forward tcp:8200 tcp:6790'
[38;5;64m[ADB][0m Getting install status for io.appium.uiautomator2.server
[38;5;64m[ADB][0m Running 'C:\Users\Lucas\AppData\Local\Android\Sdk\platform-tools\adb.exe -P 5037 -s emulator-5554 shell dumpsys package io.appium.uiautomator2.server'
[38;5;64m[ADB][0m 'io.appium.uiautomator2.server' is installed
[38;5;64m[ADB][0m Getting package info for 'io.appium.uiautomator2.server'
[38;5;64m[ADB][0m Running 'C:\Users\Lucas\AppData\Local\Android\Sdk\platform-tools\adb.exe -P 5037 -s emulator-5554 shell dumpsys package io.appium.uiautomator2.server'
[38;5;64m[ADB][0m The installed 'io.appium.uiautomator2.server' package is older than 'C:\Work\JavaScript-Appium-WebDriverIO\webdriverio-appium-v8\node_modules\appium-uiautomator2-server\apks\appium-uiautomator2-server-v4.29.1.apk' (95 < 98 or '4.27.0' < '4.29.1')'
[38;5;48m[UiAutomator2][0m io.appium.uiautomator2.server installation state: olderVersionInstalled
[38;5;64m[ADB][0m Checking app cert for C:\Work\JavaScript-Appium-WebDriverIO\webdriverio-appium-v8\node_modules\appium-uiautomator2-server\apks\appium-uiautomator2-server-v4.29.1.apk
[38;5;64m[ADB][0m Using 'apksigner.jar' from 'C:\Users\Lucas\AppData\Local\Android\Sdk\build-tools\34.0.0\lib\apksigner.jar'
[38;5;64m[ADB][0m Starting apksigner: 'C:\\Program Files\\Java\\jdk-19\\bin\\java.exe' -Xmx1024M -Xss1m -jar C:\\Users\\Lucas\\AppData\\Local\\Android\\Sdk\\build-tools\\34.0.0\\lib\\apksigner.jar verify --print-certs C:\\Work\\JavaScript-Appium-WebDriverIO\\webdriverio-appium-v8\\node_modules\\appium-uiautomator2-server\\apks\\appium-uiautomator2-server-v4.29.1.apk
[38;5;64m[ADB][0m apksigner stdout: Signer #1 certificate DN: EMAILADDRESS=android@android.com, CN=Android, OU=Android, O=Android, L=Mountain View, ST=California, C=US
[38;5;64m[ADB][0m Signer #1 certificate SHA-256 digest: a40da80a59d170caa950cf15c18c454d47a39b26989d8b640ecd745ba71bf5dc
[38;5;64m[ADB][0m Signer #1 certificate SHA-1 digest: 61ed377e85d386a8dfee6b864bd85b0bfaa5af81
[38;5;64m[ADB][0m Signer #1 certificate MD5 digest: e89b158e4bcf988ebd09eb83f5378e87
[38;5;64m[ADB][0m 
[38;5;64m[ADB][0m sha256 hash did match for 'appium-uiautomator2-server-v4.29.1.apk'
[38;5;64m[ADB][0m 'C:\Work\JavaScript-Appium-WebDriverIO\webdriverio-appium-v8\node_modules\appium-uiautomator2-server\apks\appium-uiautomator2-server-v4.29.1.apk' is signed with the default certificate
[38;5;64m[ADB][0m Getting install status for io.appium.uiautomator2.server.test
[38;5;64m[ADB][0m Running 'C:\Users\Lucas\AppData\Local\Android\Sdk\platform-tools\adb.exe -P 5037 -s emulator-5554 shell dumpsys package io.appium.uiautomator2.server.test'
[38;5;64m[ADB][0m 'io.appium.uiautomator2.server.test' is installed
[38;5;64m[ADB][0m Checking app cert for C:\Work\JavaScript-Appium-WebDriverIO\webdriverio-appium-v8\node_modules\appium-uiautomator2-server\apks\appium-uiautomator2-server-debug-androidTest.apk
[38;5;64m[ADB][0m Starting apksigner: 'C:\\Program Files\\Java\\jdk-19\\bin\\java.exe' -Xmx1024M -Xss1m -jar C:\\Users\\Lucas\\AppData\\Local\\Android\\Sdk\\build-tools\\34.0.0\\lib\\apksigner.jar verify --print-certs C:\\Work\\JavaScript-Appium-WebDriverIO\\webdriverio-appium-v8\\node_modules\\appium-uiautomator2-server\\apks\\appium-uiautomator2-server-debug-androidTest.apk
[38;5;64m[ADB][0m apksigner stdout: Signer #1 certificate DN: EMAILADDRESS=android@android.com, CN=Android, OU=Android, O=Android, L=Mountain View, ST=California, C=US
[38;5;64m[ADB][0m Signer #1 certificate SHA-256 digest: a40da80a59d170caa950cf15c18c454d47a39b26989d8b640ecd745ba71bf5dc
[38;5;64m[ADB][0m Signer #1 certificate SHA-1 digest: 61ed377e85d386a8dfee6b864bd85b0bfaa5af81
[38;5;64m[ADB][0m Signer #1 certificate MD5 digest: e89b158e4bcf988ebd09eb83f5378e87
[38;5;64m[ADB][0m 
[38;5;64m[ADB][0m sha256 hash did match for 'appium-uiautomator2-server-debug-androidTest.apk'
[38;5;64m[ADB][0m 'C:\Work\JavaScript-Appium-WebDriverIO\webdriverio-appium-v8\node_modules\appium-uiautomator2-server\apks\appium-uiautomator2-server-debug-androidTest.apk' is signed with the default certificate
[38;5;48m[UiAutomator2][0m Server packages are going to be (re)installed
[38;5;48m[UiAutomator2][0m Full packages reinstall is going to be performed
[38;5;64m[ADB][0m Uninstalling io.appium.uiautomator2.server
[38;5;64m[ADB][0m Getting install status for io.appium.uiautomator2.server
[38;5;64m[ADB][0m Running 'C:\Users\Lucas\AppData\Local\Android\Sdk\platform-tools\adb.exe -P 5037 -s emulator-5554 shell dumpsys package io.appium.uiautomator2.server'
[38;5;64m[ADB][0m 'io.appium.uiautomator2.server' is installed
[38;5;64m[ADB][0m Running 'C:\Users\Lucas\AppData\Local\Android\Sdk\platform-tools\adb.exe -P 5037 -s emulator-5554 shell am force-stop io.appium.uiautomator2.server'
[38;5;64m[ADB][0m Running 'C:\Users\Lucas\AppData\Local\Android\Sdk\platform-tools\adb.exe -P 5037 -s emulator-5554 uninstall io.appium.uiautomator2.server'
[38;5;64m[ADB][0m 'adb uninstall io.appium.uiautomator2.server' command output: Success
[38;5;64m[ADB][0m io.appium.uiautomator2.server was successfully uninstalled
[38;5;64m[ADB][0m Running 'C:\Users\Lucas\AppData\Local\Android\Sdk\platform-tools\adb.exe -P 5037 -s emulator-5554 version'
[38;5;64m[ADB][0m Running 'C:\Users\Lucas\AppData\Local\Android\Sdk\platform-tools\adb.exe -P 5037 -s emulator-5554 features'
[38;5;64m[ADB][0m Running 'C:\Users\Lucas\AppData\Local\Android\Sdk\platform-tools\adb.exe -P 5037 -s emulator-5554 help'
[38;5;64m[ADB][0m The application at 'C:\Work\JavaScript-Appium-WebDriverIO\webdriverio-appium-v8\node_modules\appium-uiautomator2-server\apks\appium-uiautomator2-server-v4.29.1.apk' will not be cached, because the device under test has confirmed the support of streamed installs
[38;5;64m[ADB][0m Running 'C:\Users\Lucas\AppData\Local\Android\Sdk\platform-tools\adb.exe -P 5037 -s emulator-5554 install -r --no-incremental C:\Work\JavaScript-Appium-WebDriverIO\webdriverio-appium-v8\node_modules\appium-uiautomator2-server\apks\appium-uiautomator2-server-v4.29.1.apk'
[38;5;64m[ADB][0m The installation of 'appium-uiautomator2-server-v4.29.1.apk' took 429ms
[38;5;64m[ADB][0m Install command stdout: Performing Streamed Install
[38;5;64m[ADB][0m Success
[38;5;64m[ADB][0m Uninstalling io.appium.uiautomator2.server.test
[38;5;64m[ADB][0m Getting install status for io.appium.uiautomator2.server.test
[38;5;64m[ADB][0m Running 'C:\Users\Lucas\AppData\Local\Android\Sdk\platform-tools\adb.exe -P 5037 -s emulator-5554 shell dumpsys package io.appium.uiautomator2.server.test'
[38;5;64m[ADB][0m 'io.appium.uiautomator2.server.test' is installed
[38;5;64m[ADB][0m Running 'C:\Users\Lucas\AppData\Local\Android\Sdk\platform-tools\adb.exe -P 5037 -s emulator-5554 shell am force-stop io.appium.uiautomator2.server.test'
[38;5;64m[ADB][0m Running 'C:\Users\Lucas\AppData\Local\Android\Sdk\platform-tools\adb.exe -P 5037 -s emulator-5554 uninstall io.appium.uiautomator2.server.test'
[38;5;64m[ADB][0m 'adb uninstall io.appium.uiautomator2.server.test' command output: Success
[38;5;64m[ADB][0m io.appium.uiautomator2.server.test was successfully uninstalled
[38;5;64m[ADB][0m The application at 'C:\Work\JavaScript-Appium-WebDriverIO\webdriverio-appium-v8\node_modules\appium-uiautomator2-server\apks\appium-uiautomator2-server-debug-androidTest.apk' will not be cached, because the device under test has confirmed the support of streamed installs
[38;5;64m[ADB][0m Running 'C:\Users\Lucas\AppData\Local\Android\Sdk\platform-tools\adb.exe -P 5037 -s emulator-5554 install -r --no-incremental C:\Work\JavaScript-Appium-WebDriverIO\webdriverio-appium-v8\node_modules\appium-uiautomator2-server\apks\appium-uiautomator2-server-debug-androidTest.apk'
[38;5;64m[ADB][0m The installation of 'appium-uiautomator2-server-debug-androidTest.apk' took 241ms
[38;5;64m[ADB][0m Install command stdout: Performing Streamed Install
[38;5;64m[ADB][0m Success
[38;5;48m[UiAutomator2][0m Waiting up to 30000ms for services to be available
[38;5;64m[ADB][0m Running 'C:\Users\Lucas\AppData\Local\Android\Sdk\platform-tools\adb.exe -P 5037 -s emulator-5554 shell pm list instrumentation'
[38;5;48m[UiAutomator2][0m Instrumentation target 'io.appium.uiautomator2.server.test/androidx.test.runner.AndroidJUnitRunner' is available
[38;5;64m[ADB][0m Adding packages ["io.appium.settings","io.appium.uiautomator2.server","io.appium.uiautomator2.server.test"] to Doze whitelist
[38;5;64m[ADB][0m Got the following command chunks to execute: [["dumpsys","deviceidle","whitelist","+io.appium.settings",";","dumpsys","deviceidle","whitelist","+io.appium.uiautomator2.server",";","dumpsys","deviceidle","whitelist","+io.appium.uiautomator2.server.test",";"]]
[38;5;64m[ADB][0m Running 'C:\Users\Lucas\AppData\Local\Android\Sdk\platform-tools\adb.exe -P 5037 -s emulator-5554 shell dumpsys deviceidle whitelist +io.appium.settings ; dumpsys deviceidle whitelist +io.appium.uiautomator2.server ; dumpsys deviceidle whitelist +io.appium.uiautomator2.server.test ;'
[38;5;64m[ADB][0m Checking app cert for c:\Work\JavaScript-Appium-WebDriverIO\webdriverio-appium-v8\app\android\ApiDemos-debug.apk
[38;5;64m[ADB][0m Starting apksigner: 'C:\\Program Files\\Java\\jdk-19\\bin\\java.exe' -Xmx1024M -Xss1m -jar C:\\Users\\Lucas\\AppData\\Local\\Android\\Sdk\\build-tools\\34.0.0\\lib\\apksigner.jar verify --print-certs c:\\Work\\JavaScript-Appium-WebDriverIO\\webdriverio-appium-v8\\app\\android\\ApiDemos-debug.apk
[38;5;64m[ADB][0m apksigner stdout: Signer #1 certificate DN: EMAILADDRESS=android@android.com, CN=Android, OU=Android, O=Android, L=Mountain View, ST=California, C=US
[38;5;64m[ADB][0m Signer #1 certificate SHA-256 digest: a40da80a59d170caa950cf15c18c454d47a39b26989d8b640ecd745ba71bf5dc
[38;5;64m[ADB][0m Signer #1 certificate SHA-1 digest: 61ed377e85d386a8dfee6b864bd85b0bfaa5af81
[38;5;64m[ADB][0m Signer #1 certificate MD5 digest: e89b158e4bcf988ebd09eb83f5378e87
[38;5;64m[ADB][0m 
[38;5;64m[ADB][0m sha256 hash did match for 'ApiDemos-debug.apk'
[38;5;64m[ADB][0m 'c:\Work\JavaScript-Appium-WebDriverIO\webdriverio-appium-v8\app\android\ApiDemos-debug.apk' is signed with the default certificate
[38;5;64m[ADB][0m Getting install status for io.appium.android.apis
[38;5;64m[ADB][0m Running 'C:\Users\Lucas\AppData\Local\Android\Sdk\platform-tools\adb.exe -P 5037 -s emulator-5554 shell dumpsys package io.appium.android.apis'
[38;5;64m[ADB][0m 'io.appium.android.apis' is installed
[38;5;64m[ADB][0m Getting package info for 'io.appium.android.apis'
[38;5;64m[ADB][0m Running 'C:\Users\Lucas\AppData\Local\Android\Sdk\platform-tools\adb.exe -P 5037 -s emulator-5554 shell dumpsys package io.appium.android.apis'
[38;5;64m[ADB][0m The version name of the installed 'io.appium.android.apis' is greater or equal to the application version name ('3.1.0' >= '3.1.0')
[38;5;64m[ADB][0m There is no need to install/upgrade 'c:\Work\JavaScript-Appium-WebDriverIO\webdriverio-appium-v8\app\android\ApiDemos-debug.apk'
[38;5;80m[AndroidDriver][0m Performing fast reset on 'io.appium.android.apis'
[38;5;64m[ADB][0m Getting install status for io.appium.android.apis
[38;5;64m[ADB][0m Running 'C:\Users\Lucas\AppData\Local\Android\Sdk\platform-tools\adb.exe -P 5037 -s emulator-5554 shell dumpsys package io.appium.android.apis'
[38;5;64m[ADB][0m 'io.appium.android.apis' is installed
[38;5;64m[ADB][0m Running 'C:\Users\Lucas\AppData\Local\Android\Sdk\platform-tools\adb.exe -P 5037 -s emulator-5554 shell am force-stop io.appium.android.apis'
[38;5;64m[ADB][0m Running 'C:\Users\Lucas\AppData\Local\Android\Sdk\platform-tools\adb.exe -P 5037 -s emulator-5554 shell pm clear io.appium.android.apis'
[38;5;80m[AndroidDriver][0m Performed fast reset on the installed 'io.appium.android.apis' application (stop and clear)
[38;5;48m[UiAutomator2][0m Performing shallow cleanup of automation leftovers
[38;5;48m[UiAutomator2][0m No obsolete sessions have been detected (socket hang up)
[38;5;64m[ADB][0m Running 'C:\Users\Lucas\AppData\Local\Android\Sdk\platform-tools\adb.exe -P 5037 -s emulator-5554 shell am force-stop io.appium.uiautomator2.server.test'
[38;5;48m[UiAutomator2][0m Starting UIAutomator2 server 4.29.1
[38;5;48m[UiAutomator2][0m Using UIAutomator2 server from 'C:\Work\JavaScript-Appium-WebDriverIO\webdriverio-appium-v8\node_modules\appium-uiautomator2-server\apks\appium-uiautomator2-server-v4.29.1.apk' and test from 'C:\Work\JavaScript-Appium-WebDriverIO\webdriverio-appium-v8\node_modules\appium-uiautomator2-server\apks\appium-uiautomator2-server-debug-androidTest.apk'
[38;5;48m[UiAutomator2][0m Waiting up to 30000ms for UiAutomator2 to be online...
[38;5;64m[ADB][0m Creating ADB subprocess with args: ["-P",5037,"-s","emulator-5554","shell","am","instrument","-w","-e","disableAnalytics",true,"io.appium.uiautomator2.server.test/androidx.test.runner.AndroidJUnitRunner"]
[38;5;112m[WD Proxy][0m Matched '/status' to command name 'getStatus'
[38;5;112m[WD Proxy][0m Proxying [GET /status] to [GET http://127.0.0.1:8200/wd/hub/status] with no body
[38;5;112m[WD Proxy][0m socket hang up
[38;5;112m[WD Proxy][0m Matched '/status' to command name 'getStatus'
[38;5;112m[WD Proxy][0m Proxying [GET /status] to [GET http://127.0.0.1:8200/wd/hub/status] with no body
[38;5;112m[WD Proxy][0m socket hang up
[38;5;128m[Instrumentation][0m io.appium.uiautomator2.server.test.AppiumUiAutomator2Server:
[38;5;112m[WD Proxy][0m Matched '/status' to command name 'getStatus'
[38;5;112m[WD Proxy][0m Proxying [GET /status] to [GET http://127.0.0.1:8200/wd/hub/status] with no body
[38;5;112m[WD Proxy][0m socket hang up
[38;5;112m[WD Proxy][0m Matched '/status' to command name 'getStatus'
[38;5;112m[WD Proxy][0m Proxying [GET /status] to [GET http://127.0.0.1:8200/wd/hub/status] with no body
[38;5;112m[WD Proxy][0m Got response with status 200: {"sessionId":"None","value":{"message":"UiAutomator2 Server is ready to accept commands","ready":true}}
[38;5;48m[UiAutomator2][0m The initialization of the instrumentation process took 3110ms
[38;5;112m[WD Proxy][0m Matched '/session' to command name 'createSession'
[38;5;112m[WD Proxy][0m Proxying [POST /session] to [POST http://127.0.0.1:8200/wd/hub/session] with body: {"capabilities":{"firstMatch":[{"platform":"LINUX","webStorageEnabled":false,"takesScreenshot":true,"javascriptEnabled":true,"databaseEnabled":false,"networkConnectionEnabled":true,"locationContextEnabled":false,"warnings":{},"desired":{"platformName":"Android","platformVersion":"13.0","deviceName":"Pixel_6a","automationName":"UIAutomator2","app":"c:\\Work\\JavaScript-Appium-WebDriverIO\\webdriverio-appium-v8\\app\\android\\ApiDemos-debug.apk"},"platformName":"Android","platformVersion":"13.0","deviceName":"emulator-5554","automationName":"UIAutomator2","app":"c:\\Work\\JavaScript-Appium-WebDriverIO\\webdriverio-appium-v8\\app\\android\\ApiDemos-debug.apk","deviceUDID":"emulator-5554","appPackage":"io.appium.android.apis"}],"alwaysMatch":{}}}
[38;5;112m[WD Proxy][0m Got response with status 200: {"sessionId":"20d9af23-03d2-41b7-a99c-16f9f3942e70","value":{"capabilities":{"firstMatch":[{"platform":"LINUX","webStorageEnabled":false,"takesScreenshot":true,"javascriptEnabled":true,"databaseEnabled":false,"networkConnectionEnabled":true,"locationContextEnabled":false,"warnings":{},"desired":{"platformName":"Android","platformVersion":"13.0","deviceName":"Pixel_6a","automationName":"UIAutomator2","app":"c:\\Work\\JavaScript-Appium-WebDriverIO\\webdriverio-appium-v8\\app\\android\\ApiDemos-debug.apk"},"platformName":"Android","platformVersion":"13.0","deviceName":"emulator-5554","automationName":"UIAutomator2","app":"c:\\Work\\JavaScript-Appium-WebDriverIO\\webdriverio-appium-v8\\app\\android\\ApiDemos-debug.apk","deviceUDID":"emulator-5554","appPackage":"io.appium.android.apis"}],"alwaysMatch":{}},"sessionId":"20d9af23-03d2-41b7-a99c-16f9f3942e70"}}
[38;5;112m[WD Proxy][0m Determined the downstream protocol as 'W3C'
[38;5;112m[WD Proxy][0m Proxying [GET /appium/device/info] to [GET http://127.0.0.1:8200/wd/hub/session/20d9af23-03d2-41b7-a99c-16f9f3942e70/appium/device/info] with no body
[38;5;112m[WD Proxy][0m Got response with status 200: {"sessionId":"20d9af23-03d2-41b7-a99c-16f9f3942e70","value":{"androidId":"2bbf9fb4487fda66","apiVersion":"33","bluetooth":{"state":"ON"},"brand":"google","carrierName":"T-Mobile","displayDensity":420,"locale":"en_US","manufacturer":"Google","model":"sdk_gphone64_x86_64","networks":[{"capabilities":{"SSID":null,"linkDownBandwidthKbps":30000,"linkUpstreamBandwidthKbps":15000,"networkCapabilities":"NET_CAPABILITY_MMS,NET_CAPABILITY_SUPL,NET_CAPABILITY_DUN,NET_CAPABILITY_FOTA,NET_CAPABILITY_IMS,NET_CAPABILITY_CBS,NET_CAPABILITY_INTERNET,NET_CAPABILITY_NOT_RESTRICTED,NET_CAPABILITY_TRUSTED,NET_CAPABILITY_NOT_VPN,NET_CAPABILITY_VALIDATED,NET_CAPABILITY_NOT_ROAMING,NET_CAPABILITY_NOT_CONGESTED,NET_CAPABILITY_NOT_SUSPENDED","signalStrength":-2147483648,"transportTypes":"TRANSPORT_CELLULAR"},"detailedState":"CONNECTED","extraInfo":"epc.tmobile.com","isAvailable":true,"isConnected":true,"isFailover":false,"isRoaming":false,"state":"CONNECTED","subtype":13,"subtypeName":"LTE","type":0,"typeName":"MOBILE"},{"capabilit...
[38;5;64m[ADB][0m Running 'C:\Users\Lucas\AppData\Local\Android\Sdk\platform-tools\adb.exe -P 5037 -s emulator-5554 shell dumpsys window'
[38;5;80m[AndroidDriver][0m Screen already unlocked, doing nothing
[38;5;48m[UiAutomator2][0m Starting 'io.appium.android.apis/io.appium.android.apis.ApiDemos and waiting for 'io.appium.android.apis/io.appium.android.apis.ApiDemos'
[38;5;64m[ADB][0m Running 'C:\Users\Lucas\AppData\Local\Android\Sdk\platform-tools\adb.exe -P 5037 -s emulator-5554 shell am start -W -n io.appium.android.apis/io.appium.android.apis.ApiDemos -S'
[38;5;64m[ADB][0m Waiting up to 20000ms for activity matching pkg: 'io.appium.android.apis' and activity: 'io.appium.android.apis.ApiDemos' to be focused
[38;5;64m[ADB][0m Possible activities, to be checked: 'io.appium.android.apis.ApiDemos', 'io.appium.android.apis.io.appium.android.apis.ApiDemos'
[38;5;64m[ADB][0m Getting focused package and activity
[38;5;64m[ADB][0m Running 'C:\Users\Lucas\AppData\Local\Android\Sdk\platform-tools\adb.exe -P 5037 -s emulator-5554 shell dumpsys window displays'
[38;5;64m[ADB][0m Found package: 'io.appium.android.apis' and fully qualified activity name : 'io.appium.android.apis.ApiDemos'
[38;5;112m[WD Proxy][0m Proxying [GET /appium/device/pixel_ratio] to [GET http://127.0.0.1:8200/wd/hub/session/20d9af23-03d2-41b7-a99c-16f9f3942e70/appium/device/pixel_ratio] with no body
[38;5;112m[WD Proxy][0m Got response with status 200: {"sessionId":"20d9af23-03d2-41b7-a99c-16f9f3942e70","value":2.625}
[38;5;112m[WD Proxy][0m Matched '/appium/device/system_bars' to command name 'getSystemBars'
[38;5;112m[WD Proxy][0m Proxying [GET /appium/device/system_bars] to [GET http://127.0.0.1:8200/wd/hub/session/20d9af23-03d2-41b7-a99c-16f9f3942e70/appium/device/system_bars] with no body
[38;5;112m[WD Proxy][0m Got response with status 200: {"sessionId":"20d9af23-03d2-41b7-a99c-16f9f3942e70","value":{"statusBar":63}}
[38;5;112m[WD Proxy][0m Matched '/window/current/size' to command name 'getWindowSize'
[38;5;112m[WD Proxy][0m Proxying [GET /window/current/size] to [GET http://127.0.0.1:8200/wd/hub/session/20d9af23-03d2-41b7-a99c-16f9f3942e70/window/current/size] with no body
[38;5;112m[WD Proxy][0m Got response with status 200: {"sessionId":"20d9af23-03d2-41b7-a99c-16f9f3942e70","value":{"height":2337,"width":1080}}
[38;5;16m[AppiumDriver@2145][0m New AndroidUiautomator2Driver session created successfully, session ac96d4e4-1f68-4543-a9c4-232490ce134c added to master session list
[38;5;16m[AppiumDriver@2145][0m Event 'newSessionStarted' logged at 1700227118862 (10:18:38 GMT-0300 (Horário Padrão de Brasília))
[38;5;144m[AndroidUiautomator2Driver@1ef4c21b (ac96d4e4)][0m Cached the protocol value 'W3C' for the new session ac96d4e4-1f68-4543-a9c4-232490ce134c
[38;5;144m[AndroidUiautomator2Driver@1ef4c21b (ac96d4e4)][0m Responding to client with driver.createSession() result: {"capabilities":{"platform":"LINUX","webStorageEnabled":false,"takesScreenshot":true,"javascriptEnabled":true,"databaseEnabled":false,"networkConnectionEnabled":true,"locationContextEnabled":false,"warnings":{},"desired":{"platformName":"Android","platformVersion":"13.0","deviceName":"Pixel_6a","automationName":"UIAutomator2","app":"c:\\Work\\JavaScript-Appium-WebDriverIO\\webdriverio-appium-v8\\app\\android\\ApiDemos-debug.apk"},"platformName":"Android","platformVersion":"13","deviceName":"emulator-5554","automationName":"UIAutomator2","app":"c:\\Work\\JavaScript-Appium-WebDriverIO\\webdriverio-appium-v8\\app\\android\\ApiDemos-debug.apk","deviceUDID":"emulator-5554","appPackage":"io.appium.android.apis","deviceApiLevel":33,"deviceScreenSize":"1080x2400","deviceScreenDensity":420,"deviceModel":"sdk_gphone64_x86_64","deviceManufacturer":"Google","pixelRatio":2.625,"statBarHeight":63,"viewportRect":{"left":0,"top":63,"width":1080,"height":2274}}}
[38;5;0m[HTTP][0m [37m<-- POST /wd/hub/session [39m[32m200[39m [90m10631 ms - 1020[39m
[38;5;0m[HTTP][0m [90m[39m
[38;5;0m[HTTP][0m [37m-->[39m [37mPOST[39m [37m/wd/hub/session/ac96d4e4-1f68-4543-a9c4-232490ce134c/element[39m
[38;5;0m[HTTP][0m [90m{"using":"accessibility id","value":"App"}[39m
[38;5;144m[AndroidUiautomator2Driver@1ef4c21b (ac96d4e4)][0m Calling AppiumDriver.findElement() with args: ["accessibility id","App","ac96d4e4-1f68-4543-a9c4-232490ce134c"]
[38;5;32m[BaseDriver][0m Valid locator strategies for this request: xpath, id, class name, accessibility id, css selector, -android uiautomator
[38;5;32m[BaseDriver][0m Waiting up to 0 ms for condition
[38;5;112m[WD Proxy][0m Matched '/element' to command name 'findElement'
[38;5;112m[WD Proxy][0m Proxying [POST /element] to [POST http://127.0.0.1:8200/wd/hub/session/20d9af23-03d2-41b7-a99c-16f9f3942e70/element] with body: {"strategy":"accessibility id","selector":"App","context":"","multiple":false}
[38;5;112m[WD Proxy][0m Got response with status 200: {"sessionId":"20d9af23-03d2-41b7-a99c-16f9f3942e70","value":{"ELEMENT":"00000000-0000-00d5-ffff-ffff0000000c","element-6066-11e4-a52e-4f735466cecf":"00000000-0000-00d5-ffff-ffff0000000c"}}
[38;5;144m[AndroidUiautomator2Driver@1ef4c21b (ac96d4e4)][0m Responding to client with driver.findElement() result: {"element-6066-11e4-a52e-4f735466cecf":"00000000-0000-00d5-ffff-ffff0000000c","ELEMENT":"00000000-0000-00d5-ffff-ffff0000000c"}
[38;5;0m[HTTP][0m [37m<-- POST /wd/hub/session/ac96d4e4-1f68-4543-a9c4-232490ce134c/element [39m[32m200[39m [90m70 ms - 137[39m
[38;5;0m[HTTP][0m [90m[39m
[38;5;0m[HTTP][0m [37m-->[39m [37mPOST[39m [37m/wd/hub/session/ac96d4e4-1f68-4543-a9c4-232490ce134c/element/00000000-0000-00d5-ffff-ffff0000000c/click[39m
[38;5;0m[HTTP][0m [90m{}[39m
[38;5;144m[AndroidUiautomator2Driver@1ef4c21b (ac96d4e4)][0m Calling AppiumDriver.click() with args: ["00000000-0000-00d5-ffff-ffff0000000c","ac96d4e4-1f68-4543-a9c4-232490ce134c"]
[38;5;112m[WD Proxy][0m Matched '/element/00000000-0000-00d5-ffff-ffff0000000c/click' to command name 'click'
[38;5;112m[WD Proxy][0m Proxying [POST /element/00000000-0000-00d5-ffff-ffff0000000c/click] to [POST http://127.0.0.1:8200/wd/hub/session/20d9af23-03d2-41b7-a99c-16f9f3942e70/element/00000000-0000-00d5-ffff-ffff0000000c/click] with body: {"element":"00000000-0000-00d5-ffff-ffff0000000c"}
[38;5;112m[WD Proxy][0m Got response with status 200: {"sessionId":"20d9af23-03d2-41b7-a99c-16f9f3942e70","value":null}
[38;5;144m[AndroidUiautomator2Driver@1ef4c21b (ac96d4e4)][0m Responding to client with driver.click() result: null
[38;5;0m[HTTP][0m [37m<-- POST /wd/hub/session/ac96d4e4-1f68-4543-a9c4-232490ce134c/element/00000000-0000-00d5-ffff-ffff0000000c/click [39m[32m200[39m [90m1566 ms - 14[39m
[38;5;0m[HTTP][0m [90m[39m
[38;5;0m[HTTP][0m [37m-->[39m [37mPOST[39m [37m/wd/hub/session/ac96d4e4-1f68-4543-a9c4-232490ce134c/element[39m
[38;5;0m[HTTP][0m [90m{"using":"accessibility id","value":"Action Bar"}[39m
[38;5;144m[AndroidUiautomator2Driver@1ef4c21b (ac96d4e4)][0m Calling AppiumDriver.findElement() with args: ["accessibility id","Action Bar","ac96d4e4-1f68-4543-a9c4-232490ce134c"]
[38;5;32m[BaseDriver][0m Valid locator strategies for this request: xpath, id, class name, accessibility id, css selector, -android uiautomator
[38;5;32m[BaseDriver][0m Waiting up to 0 ms for condition
[38;5;112m[WD Proxy][0m Matched '/element' to command name 'findElement'
[38;5;112m[WD Proxy][0m Proxying [POST /element] to [POST http://127.0.0.1:8200/wd/hub/session/20d9af23-03d2-41b7-a99c-16f9f3942e70/element] with body: {"strategy":"accessibility id","selector":"Action Bar","context":"","multiple":false}
[38;5;112m[WD Proxy][0m Got response with status 200: {"sessionId":"20d9af23-03d2-41b7-a99c-16f9f3942e70","value":{"ELEMENT":"00000000-0000-00d6-ffff-ffff0000001f","element-6066-11e4-a52e-4f735466cecf":"00000000-0000-00d6-ffff-ffff0000001f"}}
[38;5;144m[AndroidUiautomator2Driver@1ef4c21b (ac96d4e4)][0m Responding to client with driver.findElement() result: {"element-6066-11e4-a52e-4f735466cecf":"00000000-0000-00d6-ffff-ffff0000001f","ELEMENT":"00000000-0000-00d6-ffff-ffff0000001f"}
[38;5;0m[HTTP][0m [37m<-- POST /wd/hub/session/ac96d4e4-1f68-4543-a9c4-232490ce134c/element [39m[32m200[39m [90m12 ms - 137[39m
[38;5;0m[HTTP][0m [90m[39m
[38;5;0m[HTTP][0m [37m-->[39m [37mPOST[39m [37m/wd/hub/session/ac96d4e4-1f68-4543-a9c4-232490ce134c/elements[39m
[38;5;0m[HTTP][0m [90m{"using":"accessibility id","value":"Action Bar"}[39m
[38;5;144m[AndroidUiautomator2Driver@1ef4c21b (ac96d4e4)][0m Calling AppiumDriver.findElements() with args: ["accessibility id","Action Bar","ac96d4e4-1f68-4543-a9c4-232490ce134c"]
[38;5;32m[BaseDriver][0m Valid locator strategies for this request: xpath, id, class name, accessibility id, css selector, -android uiautomator
[38;5;32m[BaseDriver][0m Waiting up to 0 ms for condition
[38;5;112m[WD Proxy][0m Matched '/elements' to command name 'findElements'
[38;5;112m[WD Proxy][0m Proxying [POST /elements] to [POST http://127.0.0.1:8200/wd/hub/session/20d9af23-03d2-41b7-a99c-16f9f3942e70/elements] with body: {"strategy":"accessibility id","selector":"Action Bar","context":"","multiple":true}
[38;5;112m[WD Proxy][0m Got response with status 200: {"sessionId":"20d9af23-03d2-41b7-a99c-16f9f3942e70","value":[{"ELEMENT":"00000000-0000-00d6-ffff-ffff0000001f","element-6066-11e4-a52e-4f735466cecf":"00000000-0000-00d6-ffff-ffff0000001f"}]}
[38;5;144m[AndroidUiautomator2Driver@1ef4c21b (ac96d4e4)][0m Responding to client with driver.findElements() result: [{"element-6066-11e4-a52e-4f735466cecf":"00000000-0000-00d6-ffff-ffff0000001f","ELEMENT":"00000000-0000-00d6-ffff-ffff0000001f"}]
[38;5;0m[HTTP][0m [37m<-- POST /wd/hub/session/ac96d4e4-1f68-4543-a9c4-232490ce134c/elements [39m[32m200[39m [90m11 ms - 139[39m
[38;5;0m[HTTP][0m [90m[39m
[38;5;0m[HTTP][0m [37m-->[39m [37mPOST[39m [37m/wd/hub/session/ac96d4e4-1f68-4543-a9c4-232490ce134c/element[39m
[38;5;0m[HTTP][0m [90m{"using":"class name","value":"android.widget.TextView"}[39m
[38;5;144m[AndroidUiautomator2Driver@1ef4c21b (ac96d4e4)][0m Calling AppiumDriver.findElement() with args: ["class name","android.widget.TextView","ac96d4e4-1f68-4543-a9c4-232490ce134c"]
[38;5;32m[BaseDriver][0m Valid locator strategies for this request: xpath, id, class name, accessibility id, css selector, -android uiautomator
[38;5;32m[BaseDriver][0m Waiting up to 0 ms for condition
[38;5;112m[WD Proxy][0m Matched '/element' to command name 'findElement'
[38;5;112m[WD Proxy][0m Proxying [POST /element] to [POST http://127.0.0.1:8200/wd/hub/session/20d9af23-03d2-41b7-a99c-16f9f3942e70/element] with body: {"strategy":"class name","selector":"android.widget.TextView","context":"","multiple":false}
[38;5;112m[WD Proxy][0m Got response with status 200: {"sessionId":"20d9af23-03d2-41b7-a99c-16f9f3942e70","value":{"ELEMENT":"00000000-0000-00d6-ffff-ffff0000001b","element-6066-11e4-a52e-4f735466cecf":"00000000-0000-00d6-ffff-ffff0000001b"}}
[38;5;144m[AndroidUiautomator2Driver@1ef4c21b (ac96d4e4)][0m Responding to client with driver.findElement() result: {"element-6066-11e4-a52e-4f735466cecf":"00000000-0000-00d6-ffff-ffff0000001b","ELEMENT":"00000000-0000-00d6-ffff-ffff0000001b"}
[38;5;0m[HTTP][0m [37m<-- POST /wd/hub/session/ac96d4e4-1f68-4543-a9c4-232490ce134c/element [39m[32m200[39m [90m7 ms - 137[39m
[38;5;0m[HTTP][0m [90m[39m
[38;5;0m[HTTP][0m [37m-->[39m [37mGET[39m [37m/wd/hub/session/ac96d4e4-1f68-4543-a9c4-232490ce134c/element/00000000-0000-00d6-ffff-ffff0000001b/text[39m
[38;5;0m[HTTP][0m [90m{}[39m
[38;5;144m[AndroidUiautomator2Driver@1ef4c21b (ac96d4e4)][0m Driver proxy active, passing request on via HTTP proxy
[38;5;112m[WD Proxy][0m Matched '/wd/hub/session/ac96d4e4-1f68-4543-a9c4-232490ce134c/element/00000000-0000-00d6-ffff-ffff0000001b/text' to command name 'getText'
[38;5;112m[WD Proxy][0m Proxying [GET /wd/hub/session/ac96d4e4-1f68-4543-a9c4-232490ce134c/element/00000000-0000-00d6-ffff-ffff0000001b/text] to [GET http://127.0.0.1:8200/wd/hub/session/20d9af23-03d2-41b7-a99c-16f9f3942e70/element/00000000-0000-00d6-ffff-ffff0000001b/text] with no body
[38;5;112m[WD Proxy][0m Got response with status 200: {"sessionId":"20d9af23-03d2-41b7-a99c-16f9f3942e70","value":"API Demos"}
[38;5;112m[WD Proxy][0m Replacing sessionId 20d9af23-03d2-41b7-a99c-16f9f3942e70 with ac96d4e4-1f68-4543-a9c4-232490ce134c
[38;5;0m[HTTP][0m [37m<-- GET /wd/hub/session/ac96d4e4-1f68-4543-a9c4-232490ce134c/element/00000000-0000-00d6-ffff-ffff0000001b/text [39m[32m200[39m [90m7 ms - 83[39m
[38;5;0m[HTTP][0m [90m[39m
[38;5;0m[HTTP][0m [37m-->[39m [37mPOST[39m [37m/wd/hub/session/ac96d4e4-1f68-4543-a9c4-232490ce134c/element[39m
[38;5;0m[HTTP][0m [90m{"using":"xpath","value":"//android.widget.TextView[@content-desc=\"Alert Dialogs\"]"}[39m
[38;5;144m[AndroidUiautomator2Driver@1ef4c21b (ac96d4e4)][0m Calling AppiumDriver.findElement() with args: ["xpath","//android.widget.TextView[@content-desc=\"Alert Dialogs\"]","ac96d4e4-1f68-4543-a9c4-232490ce134c"]
[38;5;32m[BaseDriver][0m Valid locator strategies for this request: xpath, id, class name, accessibility id, css selector, -android uiautomator
[38;5;32m[BaseDriver][0m Waiting up to 0 ms for condition
[38;5;112m[WD Proxy][0m Matched '/element' to command name 'findElement'
[38;5;112m[WD Proxy][0m Proxying [POST /element] to [POST http://127.0.0.1:8200/wd/hub/session/20d9af23-03d2-41b7-a99c-16f9f3942e70/element] with body: {"strategy":"xpath","selector":"//android.widget.TextView[@content-desc=\"Alert Dialogs\"]","context":"","multiple":false}
[38;5;112m[WD Proxy][0m Got response with status 200: {"sessionId":"20d9af23-03d2-41b7-a99c-16f9f3942e70","value":{"ELEMENT":"00000000-0000-00d6-ffff-ffff00000022","element-6066-11e4-a52e-4f735466cecf":"00000000-0000-00d6-ffff-ffff00000022"}}
[38;5;144m[AndroidUiautomator2Driver@1ef4c21b (ac96d4e4)][0m Responding to client with driver.findElement() result: {"element-6066-11e4-a52e-4f735466cecf":"00000000-0000-00d6-ffff-ffff00000022","ELEMENT":"00000000-0000-00d6-ffff-ffff00000022"}
[38;5;0m[HTTP][0m [37m<-- POST /wd/hub/session/ac96d4e4-1f68-4543-a9c4-232490ce134c/element [39m[32m200[39m [90m161 ms - 137[39m
[38;5;0m[HTTP][0m [90m[39m
[38;5;0m[HTTP][0m [37m-->[39m [37mPOST[39m [37m/wd/hub/session/ac96d4e4-1f68-4543-a9c4-232490ce134c/element/00000000-0000-00d6-ffff-ffff00000022/click[39m
[38;5;0m[HTTP][0m [90m{}[39m
[38;5;144m[AndroidUiautomator2Driver@1ef4c21b (ac96d4e4)][0m Calling AppiumDriver.click() with args: ["00000000-0000-00d6-ffff-ffff00000022","ac96d4e4-1f68-4543-a9c4-232490ce134c"]
[38;5;112m[WD Proxy][0m Matched '/element/00000000-0000-00d6-ffff-ffff00000022/click' to command name 'click'
[38;5;112m[WD Proxy][0m Proxying [POST /element/00000000-0000-00d6-ffff-ffff00000022/click] to [POST http://127.0.0.1:8200/wd/hub/session/20d9af23-03d2-41b7-a99c-16f9f3942e70/element/00000000-0000-00d6-ffff-ffff00000022/click] with body: {"element":"00000000-0000-00d6-ffff-ffff00000022"}
[38;5;112m[WD Proxy][0m Got response with status 200: {"sessionId":"20d9af23-03d2-41b7-a99c-16f9f3942e70","value":null}
[38;5;144m[AndroidUiautomator2Driver@1ef4c21b (ac96d4e4)][0m Responding to client with driver.click() result: null
[38;5;0m[HTTP][0m [37m<-- POST /wd/hub/session/ac96d4e4-1f68-4543-a9c4-232490ce134c/element/00000000-0000-00d6-ffff-ffff00000022/click [39m[32m200[39m [90m1158 ms - 14[39m
[38;5;0m[HTTP][0m [90m[39m
[38;5;0m[HTTP][0m [37m-->[39m [37mPOST[39m [37m/wd/hub/session/ac96d4e4-1f68-4543-a9c4-232490ce134c/element[39m
[38;5;0m[HTTP][0m [90m{"using":"xpath","value":"//android.widget.Button[@resource-id=\"io.appium.android.apis:id/select_button\"]"}[39m
[38;5;144m[AndroidUiautomator2Driver@1ef4c21b (ac96d4e4)][0m Calling AppiumDriver.findElement() with args: ["xpath","//android.widget.Button[@resource-id=\"io.appium.android.apis:id/select_button\"]","ac96d4e4-1f68-4543-a9c4-232490ce134c"]
[38;5;32m[BaseDriver][0m Valid locator strategies for this request: xpath, id, class name, accessibility id, css selector, -android uiautomator
[38;5;32m[BaseDriver][0m Waiting up to 0 ms for condition
[38;5;112m[WD Proxy][0m Matched '/element' to command name 'findElement'
[38;5;112m[WD Proxy][0m Proxying [POST /element] to [POST http://127.0.0.1:8200/wd/hub/session/20d9af23-03d2-41b7-a99c-16f9f3942e70/element] with body: {"strategy":"xpath","selector":"//android.widget.Button[@resource-id=\"io.appium.android.apis:id/select_button\"]","context":"","multiple":false}
[38;5;112m[WD Proxy][0m Got response with status 200: {"sessionId":"20d9af23-03d2-41b7-a99c-16f9f3942e70","value":{"ELEMENT":"00000000-0000-00d7-ffff-ffff00000035","element-6066-11e4-a52e-4f735466cecf":"00000000-0000-00d7-ffff-ffff00000035"}}
[38;5;144m[AndroidUiautomator2Driver@1ef4c21b (ac96d4e4)][0m Responding to client with driver.findElement() result: {"element-6066-11e4-a52e-4f735466cecf":"00000000-0000-00d7-ffff-ffff00000035","ELEMENT":"00000000-0000-00d7-ffff-ffff00000035"}
[38;5;0m[HTTP][0m [37m<-- POST /wd/hub/session/ac96d4e4-1f68-4543-a9c4-232490ce134c/element [39m[32m200[39m [90m22 ms - 137[39m
[38;5;0m[HTTP][0m [90m[39m
[38;5;0m[HTTP][0m [37m-->[39m [37mPOST[39m [37m/wd/hub/session/ac96d4e4-1f68-4543-a9c4-232490ce134c/element/00000000-0000-00d7-ffff-ffff00000035/click[39m
[38;5;0m[HTTP][0m [90m{}[39m
[38;5;144m[AndroidUiautomator2Driver@1ef4c21b (ac96d4e4)][0m Calling AppiumDriver.click() with args: ["00000000-0000-00d7-ffff-ffff00000035","ac96d4e4-1f68-4543-a9c4-232490ce134c"]
[38;5;112m[WD Proxy][0m Matched '/element/00000000-0000-00d7-ffff-ffff00000035/click' to command name 'click'
[38;5;112m[WD Proxy][0m Proxying [POST /element/00000000-0000-00d7-ffff-ffff00000035/click] to [POST http://127.0.0.1:8200/wd/hub/session/20d9af23-03d2-41b7-a99c-16f9f3942e70/element/00000000-0000-00d7-ffff-ffff00000035/click] with body: {"element":"00000000-0000-00d7-ffff-ffff00000035"}
[38;5;112m[WD Proxy][0m Got response with status 200: {"sessionId":"20d9af23-03d2-41b7-a99c-16f9f3942e70","value":null}
[38;5;144m[AndroidUiautomator2Driver@1ef4c21b (ac96d4e4)][0m Responding to client with driver.click() result: null
[38;5;0m[HTTP][0m [37m<-- POST /wd/hub/session/ac96d4e4-1f68-4543-a9c4-232490ce134c/element/00000000-0000-00d7-ffff-ffff00000035/click [39m[32m200[39m [90m41 ms - 14[39m
[38;5;0m[HTTP][0m [90m[39m
[38;5;0m[HTTP][0m [37m-->[39m [37mPOST[39m [37m/wd/hub/session/ac96d4e4-1f68-4543-a9c4-232490ce134c/element[39m
[38;5;0m[HTTP][0m [90m{"using":"xpath","value":"//android.widget.TextView[@text=\"Command two\"]"}[39m
[38;5;144m[AndroidUiautomator2Driver@1ef4c21b (ac96d4e4)][0m Calling AppiumDriver.findElement() with args: ["xpath","//android.widget.TextView[@text=\"Command two\"]","ac96d4e4-1f68-4543-a9c4-232490ce134c"]
[38;5;32m[BaseDriver][0m Valid locator strategies for this request: xpath, id, class name, accessibility id, css selector, -android uiautomator
[38;5;32m[BaseDriver][0m Waiting up to 0 ms for condition
[38;5;112m[WD Proxy][0m Matched '/element' to command name 'findElement'
[38;5;112m[WD Proxy][0m Proxying [POST /element] to [POST http://127.0.0.1:8200/wd/hub/session/20d9af23-03d2-41b7-a99c-16f9f3942e70/element] with body: {"strategy":"xpath","selector":"//android.widget.TextView[@text=\"Command two\"]","context":"","multiple":false}
[38;5;112m[WD Proxy][0m Got response with status 200: {"sessionId":"20d9af23-03d2-41b7-a99c-16f9f3942e70","value":{"ELEMENT":"00000000-0000-00d8-ffff-ffff00000058","element-6066-11e4-a52e-4f735466cecf":"00000000-0000-00d8-ffff-ffff00000058"}}
[38;5;144m[AndroidUiautomator2Driver@1ef4c21b (ac96d4e4)][0m Responding to client with driver.findElement() result: {"element-6066-11e4-a52e-4f735466cecf":"00000000-0000-00d8-ffff-ffff00000058","ELEMENT":"00000000-0000-00d8-ffff-ffff00000058"}
[38;5;0m[HTTP][0m [37m<-- POST /wd/hub/session/ac96d4e4-1f68-4543-a9c4-232490ce134c/element [39m[32m200[39m [90m47 ms - 137[39m
[38;5;0m[HTTP][0m [90m[39m
[38;5;0m[HTTP][0m [37m-->[39m [37mPOST[39m [37m/wd/hub/session/ac96d4e4-1f68-4543-a9c4-232490ce134c/element/00000000-0000-00d8-ffff-ffff00000058/click[39m
[38;5;0m[HTTP][0m [90m{}[39m
[38;5;144m[AndroidUiautomator2Driver@1ef4c21b (ac96d4e4)][0m Calling AppiumDriver.click() with args: ["00000000-0000-00d8-ffff-ffff00000058","ac96d4e4-1f68-4543-a9c4-232490ce134c"]
[38;5;112m[WD Proxy][0m Matched '/element/00000000-0000-00d8-ffff-ffff00000058/click' to command name 'click'
[38;5;112m[WD Proxy][0m Proxying [POST /element/00000000-0000-00d8-ffff-ffff00000058/click] to [POST http://127.0.0.1:8200/wd/hub/session/20d9af23-03d2-41b7-a99c-16f9f3942e70/element/00000000-0000-00d8-ffff-ffff00000058/click] with body: {"element":"00000000-0000-00d8-ffff-ffff00000058"}
[38;5;112m[WD Proxy][0m Got response with status 200: {"sessionId":"20d9af23-03d2-41b7-a99c-16f9f3942e70","value":null}
[38;5;144m[AndroidUiautomator2Driver@1ef4c21b (ac96d4e4)][0m Responding to client with driver.click() result: null
[38;5;0m[HTTP][0m [37m<-- POST /wd/hub/session/ac96d4e4-1f68-4543-a9c4-232490ce134c/element/00000000-0000-00d8-ffff-ffff00000058/click [39m[32m200[39m [90m1745 ms - 14[39m
[38;5;0m[HTTP][0m [90m[39m
[38;5;0m[HTTP][0m [37m-->[39m [37mPOST[39m [37m/wd/hub/session/ac96d4e4-1f68-4543-a9c4-232490ce134c/element[39m
[38;5;0m[HTTP][0m [90m{"using":"xpath","value":"//android.widget.TextView"}[39m
[38;5;144m[AndroidUiautomator2Driver@1ef4c21b (ac96d4e4)][0m Calling AppiumDriver.findElement() with args: ["xpath","//android.widget.TextView","ac96d4e4-1f68-4543-a9c4-232490ce134c"]
[38;5;32m[BaseDriver][0m Valid locator strategies for this request: xpath, id, class name, accessibility id, css selector, -android uiautomator
[38;5;32m[BaseDriver][0m Waiting up to 0 ms for condition
[38;5;112m[WD Proxy][0m Matched '/element' to command name 'findElement'
[38;5;112m[WD Proxy][0m Proxying [POST /element] to [POST http://127.0.0.1:8200/wd/hub/session/20d9af23-03d2-41b7-a99c-16f9f3942e70/element] with body: {"strategy":"xpath","selector":"//android.widget.TextView","context":"","multiple":false}
[38;5;112m[WD Proxy][0m Got response with status 200: {"sessionId":"20d9af23-03d2-41b7-a99c-16f9f3942e70","value":{"ELEMENT":"00000000-0000-00d9-ffff-ffff00000067","element-6066-11e4-a52e-4f735466cecf":"00000000-0000-00d9-ffff-ffff00000067"}}
[38;5;144m[AndroidUiautomator2Driver@1ef4c21b (ac96d4e4)][0m Responding to client with driver.findElement() result: {"element-6066-11e4-a52e-4f735466cecf":"00000000-0000-00d9-ffff-ffff00000067","ELEMENT":"00000000-0000-00d9-ffff-ffff00000067"}
[38;5;0m[HTTP][0m [37m<-- POST /wd/hub/session/ac96d4e4-1f68-4543-a9c4-232490ce134c/element [39m[32m200[39m [90m13 ms - 137[39m
[38;5;0m[HTTP][0m [90m[39m
[38;5;0m[HTTP][0m [37m-->[39m [37mGET[39m [37m/wd/hub/session/ac96d4e4-1f68-4543-a9c4-232490ce134c/element/00000000-0000-00d9-ffff-ffff00000067/text[39m
[38;5;0m[HTTP][0m [90m{}[39m
[38;5;144m[AndroidUiautomator2Driver@1ef4c21b (ac96d4e4)][0m Driver proxy active, passing request on via HTTP proxy
[38;5;112m[WD Proxy][0m Matched '/wd/hub/session/ac96d4e4-1f68-4543-a9c4-232490ce134c/element/00000000-0000-00d9-ffff-ffff00000067/text' to command name 'getText'
[38;5;112m[WD Proxy][0m Proxying [GET /wd/hub/session/ac96d4e4-1f68-4543-a9c4-232490ce134c/element/00000000-0000-00d9-ffff-ffff00000067/text] to [GET http://127.0.0.1:8200/wd/hub/session/20d9af23-03d2-41b7-a99c-16f9f3942e70/element/00000000-0000-00d9-ffff-ffff00000067/text] with no body
[38;5;112m[WD Proxy][0m Got response with status 200: {"sessionId":"20d9af23-03d2-41b7-a99c-16f9f3942e70","value":"You selected: 1 , Command two"}
[38;5;112m[WD Proxy][0m Replacing sessionId 20d9af23-03d2-41b7-a99c-16f9f3942e70 with ac96d4e4-1f68-4543-a9c4-232490ce134c
[38;5;0m[HTTP][0m [37m<-- GET /wd/hub/session/ac96d4e4-1f68-4543-a9c4-232490ce134c/element/00000000-0000-00d9-ffff-ffff00000067/text [39m[32m200[39m [90m7 ms - 103[39m
[38;5;0m[HTTP][0m [90m[39m
[38;5;0m[HTTP][0m [37m-->[39m [37mDELETE[39m [37m/wd/hub/session/ac96d4e4-1f68-4543-a9c4-232490ce134c[39m
[38;5;0m[HTTP][0m [90m{}[39m
[38;5;144m[AndroidUiautomator2Driver@1ef4c21b (ac96d4e4)][0m Calling AppiumDriver.deleteSession() with args: ["ac96d4e4-1f68-4543-a9c4-232490ce134c"]
[38;5;16m[AppiumDriver@2145][0m Event 'quitSessionRequested' logged at 1700227123805 (10:18:43 GMT-0300 (Horário Padrão de Brasília))
[38;5;16m[AppiumDriver@2145][0m Removing session ac96d4e4-1f68-4543-a9c4-232490ce134c from our master session list
[38;5;48m[UiAutomator2][0m Deleting UiAutomator2 session
[38;5;48m[UiAutomator2][0m Deleting UiAutomator2 server session
[38;5;112m[WD Proxy][0m Matched '/' to command name 'deleteSession'
[38;5;112m[WD Proxy][0m Proxying [DELETE /] to [DELETE http://127.0.0.1:8200/wd/hub/session/20d9af23-03d2-41b7-a99c-16f9f3942e70] with no body
[38;5;112m[WD Proxy][0m Got response with status 200: {"sessionId":"20d9af23-03d2-41b7-a99c-16f9f3942e70","value":null}
[38;5;64m[ADB][0m Running 'C:\Users\Lucas\AppData\Local\Android\Sdk\platform-tools\adb.exe -P 5037 -s emulator-5554 shell am force-stop io.appium.android.apis'
[38;5;96m[Logcat][0m Stopping logcat capture
[38;5;64m[ADB][0m Removing forwarded port socket connection: 8200 
[38;5;64m[ADB][0m Running 'C:\Users\Lucas\AppData\Local\Android\Sdk\platform-tools\adb.exe -P 5037 -s emulator-5554 forward --remove tcp:8200'
[38;5;48m[UiAutomator2][0m Restoring hidden api policy to the device default configuration
[38;5;64m[ADB][0m Running 'C:\Users\Lucas\AppData\Local\Android\Sdk\platform-tools\adb.exe -P 5037 -s emulator-5554 shell 'settings delete global hidden_api_policy_pre_p_apps;settings delete global hidden_api_policy_p_apps;settings delete global hidden_api_policy''
[38;5;16m[AppiumDriver@2145][0m Event 'quitSessionFinished' logged at 1700227123995 (10:18:43 GMT-0300 (Horário Padrão de Brasília))
[38;5;16m[AppiumDriver@2145][0m Received response: null
[38;5;16m[AppiumDriver@2145][0m But deleting session, so not returning
[38;5;16m[AppiumDriver@2145][0m Responding to client with driver.deleteSession() result: null
[38;5;0m[HTTP][0m [37m<-- DELETE /wd/hub/session/ac96d4e4-1f68-4543-a9c4-232490ce134c [39m[32m200[39m [90m190 ms - 14[39m
[38;5;0m[HTTP][0m [90m[39m
[38;5;128m[Instrumentation][0m .
[38;5;128m[Instrumentation][0m Time: 8.074
[38;5;128m[Instrumentation][0m 
[38;5;128m[Instrumentation][0m OK (1 test)
[38;5;128m[Instrumentation][0m The process has exited with code 0
